running egg_info
writing ../../build/yolo_detection/yolo_detection.egg-info/PKG-INFO
writing dependency_links to ../../build/yolo_detection/yolo_detection.egg-info/dependency_links.txt
writing entry points to ../../build/yolo_detection/yolo_detection.egg-info/entry_points.txt
writing requirements to ../../build/yolo_detection/yolo_detection.egg-info/requires.txt
writing top-level names to ../../build/yolo_detection/yolo_detection.egg-info/top_level.txt
reading manifest file '../../build/yolo_detection/yolo_detection.egg-info/SOURCES.txt'
writing manifest file '../../build/yolo_detection/yolo_detection.egg-info/SOURCES.txt'
running build
running build_py
copying yolo_detection/__init__.py -> /root/ros2_ws/build/yolo_detection/build/lib/yolo_detection
copying yolo_detection/yolo_node.py -> /root/ros2_ws/build/yolo_detection/build/lib/yolo_detection
running install
running install_lib
copying /root/ros2_ws/build/yolo_detection/build/lib/yolo_detection/yolo_node.py -> /root/ros2_ws/install/yolo_detection/lib/python3.12/site-packages/yolo_detection
byte-compiling /root/ros2_ws/install/yolo_detection/lib/python3.12/site-packages/yolo_detection/yolo_node.py to yolo_node.cpython-312.pyc
running install_egg_info
removing '/root/ros2_ws/install/yolo_detection/lib/python3.12/site-packages/yolo_detection-0.0.1-py3.12.egg-info' (and everything under it)
Copying ../../build/yolo_detection/yolo_detection.egg-info to /root/ros2_ws/install/yolo_detection/lib/python3.12/site-packages/yolo_detection-0.0.1-py3.12.egg-info
running install_scripts
Installing yolo_node script to /root/ros2_ws/install/yolo_detection/lib/yolo_detection
writing list of installed files to '/root/ros2_ws/build/yolo_detection/install.log'
