[1.768s] Invoking command in '/root/ros2_ws/src/yolo_detection': PYTHONPATH=/root/ros2_ws/build/yolo_detection/prefix_override:/usr/lib/python3/dist-packages/colcon_core/task/python/colcon_distutils_commands:/root/ros2_ws/install/yolo_detection/lib/python3.12/site-packages:${PYTHONPATH} /usr/bin/python3 -W ignore:setup.py install is deprecated -W ignore:easy_install command is deprecated setup.py egg_info --egg-base ../../build/yolo_detection build --build-base /root/ros2_ws/build/yolo_detection/build install --record /root/ros2_ws/build/yolo_detection/install.log --single-version-externally-managed
[2.026s] running egg_info
[2.026s] creating ../../build/yolo_detection/yolo_detection.egg-info
[2.156s] writing ../../build/yolo_detection/yolo_detection.egg-info/PKG-INFO
[2.158s] writing dependency_links to ../../build/yolo_detection/yolo_detection.egg-info/dependency_links.txt
[2.159s] writing entry points to ../../build/yolo_detection/yolo_detection.egg-info/entry_points.txt
[2.159s] writing requirements to ../../build/yolo_detection/yolo_detection.egg-info/requires.txt
[2.159s] writing top-level names to ../../build/yolo_detection/yolo_detection.egg-info/top_level.txt
[2.159s] writing manifest file '../../build/yolo_detection/yolo_detection.egg-info/SOURCES.txt'
[2.195s] reading manifest file '../../build/yolo_detection/yolo_detection.egg-info/SOURCES.txt'
[2.195s] writing manifest file '../../build/yolo_detection/yolo_detection.egg-info/SOURCES.txt'
[2.195s] running build
[2.195s] running build_py
[2.195s] creating /root/ros2_ws/build/yolo_detection/build
[2.195s] creating /root/ros2_ws/build/yolo_detection/build/lib
[2.195s] creating /root/ros2_ws/build/yolo_detection/build/lib/yolo_detection
[2.195s] copying yolo_detection/__init__.py -> /root/ros2_ws/build/yolo_detection/build/lib/yolo_detection
[2.196s] copying yolo_detection/yolo_node.py -> /root/ros2_ws/build/yolo_detection/build/lib/yolo_detection
[2.196s] running install
[2.199s] running install_lib
[2.217s] creating /root/ros2_ws/install/yolo_detection/lib/python3.12/site-packages/yolo_detection
[2.217s] copying /root/ros2_ws/build/yolo_detection/build/lib/yolo_detection/__init__.py -> /root/ros2_ws/install/yolo_detection/lib/python3.12/site-packages/yolo_detection
[2.217s] copying /root/ros2_ws/build/yolo_detection/build/lib/yolo_detection/yolo_node.py -> /root/ros2_ws/install/yolo_detection/lib/python3.12/site-packages/yolo_detection
[2.218s] byte-compiling /root/ros2_ws/install/yolo_detection/lib/python3.12/site-packages/yolo_detection/__init__.py to __init__.cpython-312.pyc
[2.218s] byte-compiling /root/ros2_ws/install/yolo_detection/lib/python3.12/site-packages/yolo_detection/yolo_node.py to yolo_node.cpython-312.pyc
[2.219s] running install_egg_info
[2.241s] Copying ../../build/yolo_detection/yolo_detection.egg-info to /root/ros2_ws/install/yolo_detection/lib/python3.12/site-packages/yolo_detection-0.0.1-py3.12.egg-info
[2.244s] running install_scripts
[2.303s] Installing yolo_node script to /root/ros2_ws/install/yolo_detection/lib/yolo_detection
[2.304s] writing list of installed files to '/root/ros2_ws/build/yolo_detection/install.log'
[2.336s] Invoked command in '/root/ros2_ws/src/yolo_detection' returned '0': PYTHONPATH=/root/ros2_ws/build/yolo_detection/prefix_override:/usr/lib/python3/dist-packages/colcon_core/task/python/colcon_distutils_commands:/root/ros2_ws/install/yolo_detection/lib/python3.12/site-packages:${PYTHONPATH} /usr/bin/python3 -W ignore:setup.py install is deprecated -W ignore:easy_install command is deprecated setup.py egg_info --egg-base ../../build/yolo_detection build --build-base /root/ros2_ws/build/yolo_detection/build install --record /root/ros2_ws/build/yolo_detection/install.log --single-version-externally-managed
