[0.334s] Invoking command in '/root/ros2_ws/build/yolo_msgs': CMAKE_PREFIX_PATH=${CMAKE_PREFIX_PATH}:/opt/ros/jazzy /usr/bin/cmake /root/ros2_ws/src/yolo_msgs -DCMAKE_INSTALL_PREFIX=/root/ros2_ws/install/yolo_msgs
[0.751s] -- The C compiler identification is GNU 13.3.0
[1.047s] -- The CXX compiler identification is GNU 13.3.0
[1.100s] -- Detecting C compiler ABI info
[1.362s] -- Detecting C compiler ABI info - done
[1.384s] -- Check for working C compiler: /usr/bin/cc - skipped
[1.394s] -- Detecting C compile features
[1.394s] -- Detecting C compile features - done
[1.419s] -- Detecting CXX compiler ABI info
[1.695s] -- Detecting CXX compiler ABI info - done
[1.703s] -- Check for working CXX compiler: /usr/bin/c++ - skipped
[1.704s] -- Detecting CXX compile features
[1.705s] -- Detecting CXX compile features - done
[1.804s] -- Found ament_cmake: 2.5.6 (/opt/ros/jazzy/share/ament_cmake/cmake)
[2.068s] -- Found Python3: /usr/bin/python3 (found version "3.12.3") found components: Interpreter 
[2.419s] -- Found std_msgs: 5.3.7 (/opt/ros/jazzy/share/std_msgs/cmake)
[2.679s] -- Found rosidl_generator_c: 4.6.7 (/opt/ros/jazzy/share/rosidl_generator_c/cmake)
[2.729s] -- Found rosidl_generator_cpp: 4.6.7 (/opt/ros/jazzy/share/rosidl_generator_cpp/cmake)
[2.822s] -- Using all available rosidl_typesupport_c: rosidl_typesupport_fastrtps_c;rosidl_typesupport_introspection_c
[2.911s] -- Using all available rosidl_typesupport_cpp: rosidl_typesupport_fastrtps_cpp;rosidl_typesupport_introspection_cpp
[3.040s] -- Found ament_lint_auto: 0.17.5 (/opt/ros/jazzy/share/ament_lint_auto/cmake)
[3.279s] -- Added test 'lint_cmake' to check CMake code style
[3.285s] -- Added test 'xmllint' to check XML markup files
[3.294s] -- Configuring done (2.9s)
[3.317s] -- Generating done (0.0s)
[3.325s] -- Build files have been written to: /root/ros2_ws/build/yolo_msgs
[3.338s] Invoked command in '/root/ros2_ws/build/yolo_msgs' returned '0': CMAKE_PREFIX_PATH=${CMAKE_PREFIX_PATH}:/opt/ros/jazzy /usr/bin/cmake /root/ros2_ws/src/yolo_msgs -DCMAKE_INSTALL_PREFIX=/root/ros2_ws/install/yolo_msgs
[3.340s] Invoking command in '/root/ros2_ws/build/yolo_msgs': CMAKE_PREFIX_PATH=${CMAKE_PREFIX_PATH}:/opt/ros/jazzy /usr/bin/cmake --build /root/ros2_ws/build/yolo_msgs -- -j6 -l6
[3.439s] Invoked command in '/root/ros2_ws/build/yolo_msgs' returned '0': CMAKE_PREFIX_PATH=${CMAKE_PREFIX_PATH}:/opt/ros/jazzy /usr/bin/cmake --build /root/ros2_ws/build/yolo_msgs -- -j6 -l6
[3.456s] Invoking command in '/root/ros2_ws/build/yolo_msgs': CMAKE_PREFIX_PATH=${CMAKE_PREFIX_PATH}:/opt/ros/jazzy /usr/bin/cmake --install /root/ros2_ws/build/yolo_msgs
[3.478s] -- Install configuration: ""
[3.478s] -- Installing: /root/ros2_ws/install/yolo_msgs/share/ament_index/resource_index/package_run_dependencies/yolo_msgs
[3.478s] -- Installing: /root/ros2_ws/install/yolo_msgs/share/ament_index/resource_index/parent_prefix_path/yolo_msgs
[3.478s] -- Installing: /root/ros2_ws/install/yolo_msgs/share/yolo_msgs/environment/ament_prefix_path.sh
[3.478s] -- Installing: /root/ros2_ws/install/yolo_msgs/share/yolo_msgs/environment/ament_prefix_path.dsv
[3.478s] -- Installing: /root/ros2_ws/install/yolo_msgs/share/yolo_msgs/environment/path.sh
[3.478s] -- Installing: /root/ros2_ws/install/yolo_msgs/share/yolo_msgs/environment/path.dsv
[3.478s] -- Installing: /root/ros2_ws/install/yolo_msgs/share/yolo_msgs/local_setup.bash
[3.478s] -- Installing: /root/ros2_ws/install/yolo_msgs/share/yolo_msgs/local_setup.sh
[3.478s] -- Installing: /root/ros2_ws/install/yolo_msgs/share/yolo_msgs/local_setup.zsh
[3.478s] -- Installing: /root/ros2_ws/install/yolo_msgs/share/yolo_msgs/local_setup.dsv
[3.478s] -- Installing: /root/ros2_ws/install/yolo_msgs/share/yolo_msgs/package.dsv
[3.479s] -- Installing: /root/ros2_ws/install/yolo_msgs/share/ament_index/resource_index/packages/yolo_msgs
[3.479s] -- Installing: /root/ros2_ws/install/yolo_msgs/share/yolo_msgs/cmake/yolo_msgsConfig.cmake
[3.479s] -- Installing: /root/ros2_ws/install/yolo_msgs/share/yolo_msgs/cmake/yolo_msgsConfig-version.cmake
[3.479s] -- Installing: /root/ros2_ws/install/yolo_msgs/share/yolo_msgs/package.xml
[3.481s] Invoked command in '/root/ros2_ws/build/yolo_msgs' returned '0': CMAKE_PREFIX_PATH=${CMAKE_PREFIX_PATH}:/opt/ros/jazzy /usr/bin/cmake --install /root/ros2_ws/build/yolo_msgs
